<?xml version="1.0" encoding="UTF-8"?>
<!-- Generated by org.testng.reporters.JUnitReportReporter -->
<testsuite hostname="LAPTOP-I33T45KV" failures="0" tests="1" name="JavaPackage.Assertion2" time="8.196" errors="0" timestamp="2023-01-11T21:15:18 IST" skipped="0">
  <testcase classname="JavaPackage.Assertion2" name="test5" time="8.196"/>
  <system-out/>
</testsuite> <!-- JavaPackage.Assertion2 -->
