<?xml version="1.0" encoding="UTF-8"?>
<!-- Generated by org.testng.reporters.JUnitReportReporter -->
<testsuite hostname="LAPTOP-I33T45KV" failures="0" tests="2" name="Selenium.naukari" time="28.025" errors="0" timestamp="2023-01-18T21:32:34 IST" skipped="0">
  <testcase classname="Selenium.naukari" name="multiplewin" time="16.098"/>
  <system-out/>
  <testcase classname="Selenium.naukari" name="handlingMultipleWindows" time="11.927"/>
  <system-out/>
</testsuite> <!-- Selenium.naukari -->
