<?xml version="1.0" encoding="UTF-8"?>
<!-- Generated by org.testng.reporters.JUnitReportReporter -->
<testsuite hostname="LAPTOP-I33T45KV" failures="0" tests="1" name="Selenium.Hyr" time="15.514" errors="0" timestamp="2023-01-18T20:08:32 IST" skipped="0">
  <testcase classname="Selenium.Hyr" name="multiplewin" time="15.514"/>
  <system-out/>
</testsuite> <!-- Selenium.Hyr -->
