<?xml version="1.0" encoding="UTF-8"?>
<!-- Generated by org.testng.reporters.JUnitReportReporter -->
<testsuite hostname="LAPTOP-I33T45KV" failures="0" tests="16" name="JavaPackage.TestNG3" time="0.001" errors="0" timestamp="2023-01-11T21:14:01 IST" skipped="0">
  <testcase classname="JavaPackage.TestNG3" name="testcase1" time="0.000"/>
  <system-out/>
  <testcase classname="JavaPackage.TestNG3" name="testcase1" time="0.000"/>
  <system-out/>
  <testcase classname="JavaPackage.TestNG3" name="testcase1" time="0.001"/>
  <system-out/>
  <testcase classname="JavaPackage.TestNG3" name="testcase1" time="0.000"/>
  <system-out/>
  <testcase classname="JavaPackage.TestNG3" name="testcase3" time="0.000"/>
  <system-out/>
  <testcase classname="JavaPackage.TestNG3" name="testcase" time="0.000"/>
  <system-out/>
  <testcase classname="JavaPackage.TestNG3" name="testcase3" time="0.000"/>
  <system-out/>
  <testcase classname="JavaPackage.TestNG3" name="testcase" time="0.000"/>
  <system-out/>
  <testcase classname="JavaPackage.TestNG3" name="testcase" time="0.000"/>
  <system-out/>
  <testcase classname="JavaPackage.TestNG3" name="testcase3" time="0.000"/>
  <system-out/>
  <testcase classname="JavaPackage.TestNG3" name="testcase" time="0.000"/>
  <system-out/>
  <testcase classname="JavaPackage.TestNG3" name="testcase3" time="0.000"/>
  <system-out/>
  <testcase classname="JavaPackage.TestNG3" name="testcase2" time="0.000"/>
  <system-out/>
  <testcase classname="JavaPackage.TestNG3" name="testcase2" time="0.000"/>
  <system-out/>
  <testcase classname="JavaPackage.TestNG3" name="testcase2" time="0.000"/>
  <system-out/>
  <testcase classname="JavaPackage.TestNG3" name="testcase2" time="0.000"/>
  <system-out/>
</testsuite> <!-- JavaPackage.TestNG3 -->
