<?xml version="1.0" encoding="UTF-8"?>
<!-- Generated by org.testng.reporters.JUnitReportReporter -->
<testsuite hostname="LAPTOP-I33T45KV" failures="0" tests="1" name="JavaPackage.GetwindowHandle" time="35.008" errors="0" timestamp="2022-12-30T11:40:13 IST" skipped="0">
  <testcase classname="JavaPackage.GetwindowHandle" name="initailization" time="35.008"/>
  <system-out/>
</testsuite> <!-- JavaPackage.GetwindowHandle -->
