<?xml version="1.0" encoding="UTF-8"?>
<!-- Generated by org.testng.reporters.JUnitReportReporter -->
<testsuite hostname="LAPTOP-I33T45KV" failures="0" tests="1" name="JavaPackage.Assertions1" time="0.007" errors="0" timestamp="2022-12-30T22:39:59 IST" skipped="0">
  <testcase classname="JavaPackage.Assertions1" name="testcas1" time="0.007"/>
  <system-out/>
</testsuite> <!-- JavaPackage.Assertions1 -->
