<?xml version="1.0" encoding="UTF-8"?>
<!-- Generated by org.testng.reporters.JUnitReportReporter -->
<testsuite hostname="LAPTOP-I33T45KV" failures="0" tests="4" name="JavaPackage.TestNG" time="0.001" errors="0" timestamp="2023-01-11T21:14:01 IST" skipped="1">
  <testcase classname="JavaPackage.TestNG" name="frege" time="0.000"/>
  <system-out/>
  <testcase classname="JavaPackage.TestNG" name="amsanity" time="0.001"/>
  <system-out/>
  <testcase classname="JavaPackage.TestNG" name="a" time="0.000"/>
  <system-out/>
  <testcase classname="JavaPackage.TestNG" name="j">
    <skipped/>
  </testcase> <!-- j -->
  <system-out/>
</testsuite> <!-- JavaPackage.TestNG -->
