<?xml version="1.0" encoding="UTF-8"?>
<!-- Generated by org.testng.reporters.JUnitReportReporter -->
<testsuite hostname="LAPTOP-I33T45KV" failures="0" tests="1" name="JavaPackage.TesttNg3" time="38.091" errors="0" timestamp="2023-01-04T22:24:03 IST" skipped="0">
  <testcase classname="JavaPackage.TesttNg3" name="testcases" time="38.091"/>
  <system-out/>
</testsuite> <!-- JavaPackage.TesttNg3 -->
