<?xml version="1.0" encoding="UTF-8"?>
<!-- Generated by org.testng.reporters.JUnitReportReporter -->
<testsuite hostname="LAPTOP-I33T45KV" failures="0" tests="1" name="SeleniumTopics.HandlingPops" time="27.426" errors="0" timestamp="2023-01-19T21:13:59 IST" skipped="0">
  <testcase classname="SeleniumTopics.HandlingPops" name="handlingPopups" time="27.426"/>
  <system-out/>
</testsuite> <!-- SeleniumTopics.HandlingPops -->
