<?xml version="1.0" encoding="UTF-8"?>
<!-- Generated by org.testng.reporters.JUnitReportReporter -->
<testsuite hostname="LAPTOP-I33T45KV" failures="0" tests="2" name="SeleniumTopics.Xpath" time="8.391" errors="0" timestamp="2023-01-19T21:19:55 IST" skipped="0">
  <testcase classname="SeleniumTopics.Xpath" name="attributeXpatha" time="3.798"/>
  <system-out/>
  <testcase classname="SeleniumTopics.Xpath" name="absoluteXpath" time="4.593"/>
  <system-out/>
</testsuite> <!-- SeleniumTopics.Xpath -->
