<?xml version="1.0" encoding="UTF-8"?>
<!-- Generated by org.testng.reporters.JUnitReportReporter -->
<testsuite hostname="LAPTOP-I33T45KV" failures="0" tests="1" name="com.example.Katlon" time="25.549" errors="0" timestamp="2022-12-29T22:29:15 IST" skipped="0">
  <testcase classname="com.example.Katlon" name="testUntitledTestCase" time="25.549"/>
  <system-out/>
</testsuite> <!-- com.example.Katlon -->
