<?xml version="1.0" encoding="UTF-8"?>
<!-- Generated by org.testng.reporters.JUnitReportReporter -->
<testsuite hostname="LAPTOP-I33T45KV" failures="0" tests="1" name="JavaPackage.Multiple" time="5.608" errors="0" timestamp="2023-01-12T10:06:41 IST" skipped="0">
  <testcase classname="JavaPackage.Multiple" name="mul" time="5.608"/>
  <system-out/>
</testsuite> <!-- JavaPackage.Multiple -->
