<?xml version="1.0" encoding="UTF-8"?>
<!-- Generated by org.testng.reporters.JUnitReportReporter -->
<testsuite hostname="LAPTOP-I33T45KV" failures="0" tests="1" name="JavaPackage.Framelist" time="1.052" errors="0" timestamp="2023-01-12T16:08:27 IST" skipped="0">
  <testcase classname="JavaPackage.Framelist" name="listframes" time="1.052"/>
  <system-out/>
</testsuite> <!-- JavaPackage.Framelist -->
